<?xml version="1.0" encoding="UTF-8"?>
<!-- Generated by org.testng.reporters.JUnitReportReporter -->
<testsuite hostname="DESKTOP-BS0PI3B" failures="0" tests="1" name="com.Testcases.Ts1" time="16.523" errors="0" timestamp="2022-04-14T06:27:26 IST" skipped="0">
  <testcase classname="com.Testcases.Ts1" name="tc001" time="16.523"/>
  <system-out/>
</testsuite> <!-- com.Testcases.Ts1 -->
