<?xml version="1.0" encoding="UTF-8"?>
<!-- Generated by org.testng.reporters.JUnitReportReporter -->
<testsuite hostname="DESKTOP-BS0PI3B" failures="0" tests="1" name="com.Testcases.Assignment15" time="17.500" errors="0" timestamp="2022-04-14T16:15:38 IST" skipped="0">
  <testcase classname="com.Testcases.Assignment15" name="Tc0001" time="17.500"/>
  <system-out/>
</testsuite> <!-- com.Testcases.Assignment15 -->
